2/12/2021 11:33:50 AM,C:\Users\ASD User\Documents\UVD_02122021\0212202100000.asd,GPGGA,160951.9,4348.970044,N,07216.450015,W,0,00,,,M,,M,,*50

2/12/2021 11:35:14 AM,C:\Users\ASD User\Documents\UVD_02122021\0212202100001.asd,GPGGA,161115.8,4348.970044,N,07216.450015,W,0,00,,,M,,M,,*58

2/12/2021 11:35:21 AM,C:\Users\ASD User\Documents\UVD_02122021\0212202100002.asd,GPGGA,161123.3,4348.970044,N,07216.450015,W,0,00,,,M,,M,,*56

2/12/2021 11:35:26 AM,C:\Users\ASD User\Documents\UVD_02122021\0212202100003.asd,GPGGA,161127.7,4348.970044,N,07216.450015,W,0,00,,,M,,M,,*56

2/12/2021 11:35:30 AM,C:\Users\ASD User\Documents\UVD_02122021\0212202100004.asd,GPGGA,161132.6,4348.970044,N,07216.450015,W,0,00,,,M,,M,,*53

2/12/2021 11:35:35 AM,C:\Users\ASD User\Documents\UVD_02122021\0212202100005.asd,GPGGA,161137.2,4348.970044,N,07216.450015,W,0,00,,,M,,M,,*52

2/12/2021 11:36:08 AM,C:\Users\ASD User\Documents\UVD_02122021\0212202100006.asd,GPGGA,161210.4,4348.970044,N,07216.450015,W,0,00,,,M,,M,,*52

2/12/2021 11:37:56 AM,C:\Users\ASD User\Documents\UVD_02122021\0212202100007.asd,GPGGA,161358.6,4348.970044,N,07216.450015,W,0,00,,,M,,M,,*5D

2/12/2021 11:38:24 AM,C:\Users\ASD User\Documents\UVD_02122021\0212202100008.asd,GPGGA,161425.8,4348.970044,N,07216.450015,W,0,00,,,M,,M,,*5E

2/12/2021 11:38:31 AM,C:\Users\ASD User\Documents\UVD_02122021\0212202100009.asd,GPGGA,161433.5,4348.970044,N,07216.450015,W,0,00,,,M,,M,,*54

2/12/2021 11:38:35 AM,C:\Users\ASD User\Documents\UVD_02122021\0212202100010.asd,GPGGA,161436.7,4348.970044,N,07216.450015,W,0,00,,,M,,M,,*53

2/12/2021 11:38:38 AM,C:\Users\ASD User\Documents\UVD_02122021\0212202100011.asd,GPGGA,161439.9,4348.970044,N,07216.450015,W,0,00,,,M,,M,,*52

2/12/2021 11:38:41 AM,C:\Users\ASD User\Documents\UVD_02122021\0212202100012.asd,GPGGA,161443.2,4348.970044,N,07216.450015,W,0,00,,,M,,M,,*54

2/12/2021 11:38:59 AM,C:\Users\ASD User\Documents\UVD_02122021\0212202100013.asd,GPGGA,161501.2,4348.970044,N,07216.450015,W,0,00,,,M,,M,,*53

2/12/2021 11:41:15 AM,C:\Users\ASD User\Documents\UVD_02122021\0212202100014.asd,GPGGA,161717.6,4348.970044,N,07216.450015,W,0,00,,,M,,M,,*52

2/12/2021 11:42:59 AM,C:\Users\ASD User\Documents\UVD_02122021\0212202100015.asd,GPGGA,161900.9,4348.970044,N,07216.450015,W,0,00,,,M,,M,,*55

2/12/2021 11:43:05 AM,C:\Users\ASD User\Documents\UVD_02122021\0212202100016.asd,GPGGA,161907.1,4348.970044,N,07216.450015,W,0,00,,,M,,M,,*5A

2/12/2021 11:43:10 AM,C:\Users\ASD User\Documents\UVD_02122021\0212202100017.asd,GPGGA,161911.7,4348.970044,N,07216.450015,W,0,00,,,M,,M,,*5B

2/12/2021 11:43:14 AM,C:\Users\ASD User\Documents\UVD_02122021\0212202100018.asd,GPGGA,161916.5,4348.970044,N,07216.450015,W,0,00,,,M,,M,,*5E

2/12/2021 11:43:21 AM,C:\Users\ASD User\Documents\UVD_02122021\0212202100019.asd,GPGGA,161922.8,4348.970044,N,07216.450015,W,0,00,,,M,,M,,*54

2/12/2021 11:44:12 AM,C:\Users\ASD User\Documents\UVD_02122021\0212202100020.asd,GPGGA,162014.3,4348.970044,N,07216.450015,W,0,00,,,M,,M,,*50

2/12/2021 11:48:32 AM,C:\Users\ASD User\Documents\UVD_02122021\0212202100021.asd,GPGGA,162434.6,4348.970044,N,07216.450015,W,0,00,,,M,,M,,*53

2/12/2021 11:49:04 AM,C:\Users\ASD User\Documents\UVD_02122021\0212202100022.asd,GPGGA,162506.2,4348.970044,N,07216.450015,W,0,00,,,M,,M,,*57

2/12/2021 11:49:12 AM,C:\Users\ASD User\Documents\UVD_02122021\0212202100023.asd,GPGGA,162514.1,4348.970044,N,07216.450015,W,0,00,,,M,,M,,*57

2/12/2021 11:49:18 AM,C:\Users\ASD User\Documents\UVD_02122021\0212202100024.asd,GPGGA,162519.8,4348.970044,N,07216.450015,W,0,00,,,M,,M,,*53

2/12/2021 11:49:22 AM,C:\Users\ASD User\Documents\UVD_02122021\0212202100025.asd,GPGGA,162524.4,4348.970044,N,07216.450015,W,0,00,,,M,,M,,*51

2/12/2021 11:49:29 AM,C:\Users\ASD User\Documents\UVD_02122021\0212202100026.asd,GPGGA,162530.7,4348.970044,N,07216.450015,W,0,00,,,M,,M,,*57

2/12/2021 11:49:55 AM,C:\Users\ASD User\Documents\UVD_02122021\0212202100027.asd,GPGGA,162556.9,4348.970044,N,07216.450015,W,0,00,,,M,,M,,*59

2/12/2021 11:53:24 AM,C:\Users\ASD User\Documents\UVD_02122021\0212202100028.asd,GPGGA,162926.0,4348.970044,N,07216.450015,W,0,00,,,M,,M,,*5B

2/12/2021 11:53:55 AM,C:\Users\ASD User\Documents\UVD_02122021\0212202100029.asd,GPGGA,162957.3,4348.970044,N,07216.450015,W,0,00,,,M,,M,,*5E

2/12/2021 11:53:57 AM,C:\Users\ASD User\Documents\UVD_02122021\0212202100030.asd,GPGGA,162958.9,4348.970044,N,07216.450015,W,0,00,,,M,,M,,*5B

2/12/2021 11:54:04 AM,C:\Users\ASD User\Documents\UVD_02122021\0212202100031.asd,GPGGA,163006.3,4348.970044,N,07216.450015,W,0,00,,,M,,M,,*52

2/12/2021 11:54:10 AM,C:\Users\ASD User\Documents\UVD_02122021\0212202100032.asd,GPGGA,163012.6,4348.970044,N,07216.450015,W,0,00,,,M,,M,,*52

2/12/2021 11:54:18 AM,C:\Users\ASD User\Documents\UVD_02122021\0212202100033.asd,GPGGA,163020.4,4348.970044,N,07216.450015,W,0,00,,,M,,M,,*51

2/12/2021 11:54:47 AM,C:\Users\ASD User\Documents\UVD_02122021\0212202100034.asd,GPGGA,163049.4,4348.970044,N,07216.450015,W,0,00,,,M,,M,,*5E

2/12/2021 11:57:32 AM,C:\Users\ASD User\Documents\UVD_02122021\0212202100035.asd,GPGGA,163334.5,4348.970044,N,07216.450015,W,0,00,,,M,,M,,*56

2/12/2021 11:58:03 AM,C:\Users\ASD User\Documents\UVD_02122021\0212202100036.asd,GPGGA,163404.7,4348.970044,N,07216.450015,W,0,00,,,M,,M,,*50

2/12/2021 11:58:07 AM,C:\Users\ASD User\Documents\UVD_02122021\0212202100037.asd,GPGGA,163409.6,4348.970044,N,07216.450015,W,0,00,,,M,,M,,*5C

2/12/2021 11:58:15 AM,C:\Users\ASD User\Documents\UVD_02122021\0212202100038.asd,GPGGA,163417.2,4348.970044,N,07216.450015,W,0,00,,,M,,M,,*57

2/12/2021 11:58:21 AM,C:\Users\ASD User\Documents\UVD_02122021\0212202100039.asd,GPGGA,163423.6,4348.970044,N,07216.450015,W,0,00,,,M,,M,,*54

2/12/2021 11:58:29 AM,C:\Users\ASD User\Documents\UVD_02122021\0212202100040.asd,GPGGA,163430.9,4348.970044,N,07216.450015,W,0,00,,,M,,M,,*59

2/12/2021 11:58:52 AM,C:\Users\ASD User\Documents\UVD_02122021\0212202100041.asd,GPGGA,163454.5,4348.970044,N,07216.450015,W,0,00,,,M,,M,,*57

2/12/2021 12:04:20 PM,C:\Users\ASD User\Documents\UVD_02122021\0212202100042.asd,GPGGA,164022.4,4348.970044,N,07216.450015,W,0,00,,,M,,M,,*54

2/12/2021 12:05:16 PM,C:\Users\ASD User\Documents\UVD_02122021\0212202100043.asd,GPGGA,164118.1,4348.970044,N,07216.450015,W,0,00,,,M,,M,,*59

2/12/2021 12:05:24 PM,C:\Users\ASD User\Documents\UVD_02122021\0212202100044.asd,GPGGA,164126.2,4348.970044,N,07216.450015,W,0,00,,,M,,M,,*57

2/12/2021 12:05:32 PM,C:\Users\ASD User\Documents\UVD_02122021\0212202100045.asd,GPGGA,164134.2,4348.970044,N,07216.450015,W,0,00,,,M,,M,,*54

2/12/2021 12:05:38 PM,C:\Users\ASD User\Documents\UVD_02122021\0212202100046.asd,GPGGA,164140.5,4348.970044,N,07216.450015,W,0,00,,,M,,M,,*50

2/12/2021 12:05:52 PM,C:\Users\ASD User\Documents\UVD_02122021\0212202100047.asd,GPGGA,164154.1,4348.970044,N,07216.450015,W,0,00,,,M,,M,,*51

2/12/2021 12:06:22 PM,C:\Users\ASD User\Documents\UVD_02122021\0212202100048.asd,GPGGA,164224.2,4348.970044,N,07216.450015,W,0,00,,,M,,M,,*56

2/12/2021 12:16:54 PM,C:\Users\ASD User\Documents\UVD_02122021\0212202100049.asd,GPGGA,165256.0,4348.970044,N,07216.450015,W,0,00,,,M,,M,,*50

2/12/2021 12:17:55 PM,C:\Users\ASD User\Documents\UVD_02122021\0212202100050.asd,GPGGA,165357.2,4348.970044,N,07216.450015,W,0,00,,,M,,M,,*52

2/12/2021 12:18:10 PM,C:\Users\ASD User\Documents\UVD_02122021\0212202100051.asd,GPGGA,165411.9,4348.970044,N,07216.450015,W,0,00,,,M,,M,,*5C

2/12/2021 12:18:16 PM,C:\Users\ASD User\Documents\UVD_02122021\0212202100052.asd,GPGGA,165417.9,4348.970044,N,07216.450015,W,0,00,,,M,,M,,*5A

2/12/2021 12:18:20 PM,C:\Users\ASD User\Documents\UVD_02122021\0212202100053.asd,GPGGA,165422.2,4348.970044,N,07216.450015,W,0,00,,,M,,M,,*57

2/12/2021 12:18:25 PM,C:\Users\ASD User\Documents\UVD_02122021\0212202100054.asd,GPGGA,165426.8,4348.970044,N,07216.450015,W,0,00,,,M,,M,,*59

2/12/2021 12:19:03 PM,C:\Users\ASD User\Documents\UVD_02122021\0212202100055.asd,GPGGA,165505.5,4348.970044,N,07216.450015,W,0,00,,,M,,M,,*54

2/12/2021 12:21:59 PM,C:\Users\ASD User\Documents\UVD_02122021\0212202100056.asd,GPGGA,165800.9,4348.970044,N,07216.450015,W,0,00,,,M,,M,,*50

2/12/2021 12:22:16 PM,C:\Users\ASD User\Documents\UVD_02122021\0212202100057.asd,GPGGA,165818.6,4348.970044,N,07216.450015,W,0,00,,,M,,M,,*56

2/12/2021 12:22:21 PM,C:\Users\ASD User\Documents\UVD_02122021\0212202100058.asd,GPGGA,165823.0,4348.970044,N,07216.450015,W,0,00,,,M,,M,,*58

2/12/2021 12:22:25 PM,C:\Users\ASD User\Documents\UVD_02122021\0212202100059.asd,GPGGA,165827.6,4348.970044,N,07216.450015,W,0,00,,,M,,M,,*5A

2/12/2021 12:22:30 PM,C:\Users\ASD User\Documents\UVD_02122021\0212202100060.asd,GPGGA,165831.8,4348.970044,N,07216.450015,W,0,00,,,M,,M,,*53

2/12/2021 12:22:34 PM,C:\Users\ASD User\Documents\UVD_02122021\0212202100061.asd,GPGGA,165836.6,4348.970044,N,07216.450015,W,0,00,,,M,,M,,*5A

2/12/2021 12:22:48 PM,C:\Users\ASD User\Documents\UVD_02122021\0212202100062.asd,GPGGA,165850.6,4348.970044,N,07216.450015,W,0,00,,,M,,M,,*5A

2/12/2021 12:25:17 PM,C:\Users\ASD User\Documents\UVD_02122021\0212202100063.asd,GPGGA,170119.3,4348.970044,N,07216.450015,W,0,00,,,M,,M,,*5F

2/12/2021 12:25:42 PM,C:\Users\ASD User\Documents\UVD_02122021\0212202100064.asd,GPGGA,170143.7,4348.970044,N,07216.450015,W,0,00,,,M,,M,,*54

2/12/2021 12:25:46 PM,C:\Users\ASD User\Documents\UVD_02122021\0212202100065.asd,GPGGA,170148.3,4348.970044,N,07216.450015,W,0,00,,,M,,M,,*5B

2/12/2021 12:25:51 PM,C:\Users\ASD User\Documents\UVD_02122021\0212202100066.asd,GPGGA,170152.9,4348.970044,N,07216.450015,W,0,00,,,M,,M,,*5A

2/12/2021 12:25:56 PM,C:\Users\ASD User\Documents\UVD_02122021\0212202100067.asd,GPGGA,170157.8,4348.970044,N,07216.450015,W,0,00,,,M,,M,,*5E

2/12/2021 12:26:02 PM,C:\Users\ASD User\Documents\UVD_02122021\0212202100068.asd,GPGGA,170203.9,4348.970044,N,07216.450015,W,0,00,,,M,,M,,*5D

2/12/2021 12:26:20 PM,C:\Users\ASD User\Documents\UVD_02122021\0212202100069.asd,GPGGA,170222.4,4348.970044,N,07216.450015,W,0,00,,,M,,M,,*53

2/12/2021 12:55:37 PM,C:\Users\ASD User\Documents\UVD_02122021\0212202100070.asd,GPGGA,173052.6,4349.002069,N,07216.442952,W,1,05,2.9,188.8,M,-32.3,M,,*6B

2/12/2021 12:57:49 PM,C:\Users\ASD User\Documents\UVD_02122021\0212202100071.asd,GPGGA,173304.8,4348.994067,N,07216.445904,W,1,06,1.9,177.1,M,-32.3,M,,*61

2/12/2021 12:57:55 PM,C:\Users\ASD User\Documents\UVD_02122021\0212202100072.asd,GPGGA,173310.5,4348.994067,N,07216.445904,W,1,06,1.9,177.1,M,-32.3,M,,*69

2/12/2021 12:57:59 PM,C:\Users\ASD User\Documents\UVD_02122021\0212202100073.asd,GPGGA,173315.1,4348.992158,N,07216.446903,W,1,06,1.9,173.1,M,-32.3,M,,*63

2/12/2021 12:58:02 PM,C:\Users\ASD User\Documents\UVD_02122021\0212202100074.asd,GPGGA,173317.8,4348.992158,N,07216.446903,W,1,06,1.9,173.1,M,-32.3,M,,*68

2/12/2021 12:58:05 PM,C:\Users\ASD User\Documents\UVD_02122021\0212202100075.asd,GPGGA,173321.2,4348.992158,N,07216.446903,W,1,06,1.9,173.1,M,-32.3,M,,*67

2/12/2021 12:58:40 PM,C:\Users\ASD User\Documents\UVD_02122021\0212202100076.asd,GPGGA,173355.9,4348.989356,N,07216.448643,W,1,06,1.9,168.9,M,-32.3,M,,*6E

2/12/2021 1:02:06 PM,C:\Users\ASD User\Documents\UVD_02122021\0212202100077.asd,GPGGA,173721.9,4348.988836,N,07216.449739,W,1,06,1.9,166.1,M,-32.3,M,,*6E

2/12/2021 1:02:22 PM,C:\Users\ASD User\Documents\UVD_02122021\0212202100078.asd,GPGGA,173738.0,4348.988836,N,07216.449739,W,1,06,1.5,166.1,M,-32.3,M,,*63

2/12/2021 1:04:05 PM,C:\Users\ASD User\Documents\UVD_02122021\0212202100079.asd,GPGGA,173921.2,4348.989249,N,07216.450022,W,1,06,1.9,165.2,M,-32.3,M,,*6D

2/12/2021 1:04:10 PM,C:\Users\ASD User\Documents\UVD_02122021\0212202100080.asd,GPGGA,173925.6,4348.989249,N,07216.450022,W,1,06,1.9,165.2,M,-32.3,M,,*6D

2/12/2021 1:04:13 PM,C:\Users\ASD User\Documents\UVD_02122021\0212202100081.asd,GPGGA,173928.8,4348.989249,N,07216.450022,W,1,06,1.9,165.2,M,-32.3,M,,*6E

2/12/2021 1:04:16 PM,C:\Users\ASD User\Documents\UVD_02122021\0212202100082.asd,GPGGA,173932.0,4348.989249,N,07216.450022,W,1,06,1.9,165.2,M,-32.3,M,,*6D

2/12/2021 1:04:21 PM,C:\Users\ASD User\Documents\UVD_02122021\0212202100083.asd,GPGGA,173936.6,4348.989249,N,07216.450022,W,1,06,1.9,165.2,M,-32.3,M,,*6F

2/12/2021 1:04:55 PM,C:\Users\ASD User\Documents\UVD_02122021\0212202100084.asd,GPGGA,174011.2,4348.989296,N,07216.450137,W,1,06,1.9,164.9,M,-32.3,M,,*6D

2/12/2021 1:05:37 PM,C:\Users\ASD User\Documents\UVD_02122021\0212202100085.asd,GPGGA,174052.5,4348.989276,N,07216.450292,W,1,06,1.9,164.7,M,-32.3,M,,*61

2/12/2021 1:05:51 PM,C:\Users\ASD User\Documents\UVD_02122021\0212202100086.asd,GPGGA,174106.3,4348.989276,N,07216.450292,W,1,06,1.9,164.7,M,-32.3,M,,*67

2/12/2021 1:05:57 PM,C:\Users\ASD User\Documents\UVD_02122021\0212202100087.asd,GPGGA,174112.5,4348.989276,N,07216.450292,W,1,06,1.9,164.7,M,-32.3,M,,*64

2/12/2021 1:06:03 PM,C:\Users\ASD User\Documents\UVD_02122021\0212202100088.asd,GPGGA,174118.7,4348.989172,N,07216.450498,W,1,06,1.9,163.9,M,-32.3,M,,*6E

2/12/2021 1:06:11 PM,C:\Users\ASD User\Documents\UVD_02122021\0212202100089.asd,GPGGA,174126.2,4348.989172,N,07216.450498,W,1,06,1.9,163.9,M,-32.3,M,,*66

2/12/2021 1:06:18 PM,C:\Users\ASD User\Documents\UVD_02122021\0212202100090.asd,GPGGA,174134.0,4348.989172,N,07216.450498,W,1,06,1.9,163.9,M,-32.3,M,,*67

2/12/2021 1:06:33 PM,C:\Users\ASD User\Documents\UVD_02122021\0212202100091.asd,GPGGA,174148.8,4348.989172,N,07216.450498,W,1,06,1.9,163.9,M,-32.3,M,,*64

2/12/2021 1:07:17 PM,C:\Users\ASD User\Documents\UVD_02122021\0212202100092.asd,GPGGA,174233.0,4348.989129,N,07216.450681,W,1,06,1.9,163.6,M,-32.3,M,,*68

2/12/2021 1:07:31 PM,C:\Users\ASD User\Documents\UVD_02122021\0212202100093.asd,GPGGA,174246.6,4348.989198,N,07216.450798,W,1,06,1.9,163.2,M,-32.3,M,,*6B

2/12/2021 1:07:37 PM,C:\Users\ASD User\Documents\UVD_02122021\0212202100094.asd,GPGGA,174252.7,4348.989198,N,07216.450798,W,1,06,1.9,163.2,M,-32.3,M,,*6F

2/12/2021 1:07:43 PM,C:\Users\ASD User\Documents\UVD_02122021\0212202100095.asd,GPGGA,174258.9,4348.989198,N,07216.450798,W,1,06,1.9,163.2,M,-32.3,M,,*6B

2/12/2021 1:07:53 PM,C:\Users\ASD User\Documents\UVD_02122021\0212202100096.asd,GPGGA,174309.1,4348.989198,N,07216.450798,W,1,06,1.9,163.2,M,-32.3,M,,*66

2/12/2021 1:07:59 PM,C:\Users\ASD User\Documents\UVD_02122021\0212202100097.asd,GPGGA,174315.0,4348.989198,N,07216.450798,W,1,06,1.9,163.2,M,-32.3,M,,*6A

2/12/2021 1:08:35 PM,C:\Users\ASD User\Documents\UVD_02122021\0212202100098.asd,GPGGA,174350.7,4348.989316,N,07216.450926,W,1,06,1.9,162.9,M,-32.3,M,,*69

2/12/2021 1:20:16 PM,C:\Users\ASD User\Documents\UVD_02122021\0212202100099.asd,GPGGA,175531.3,4348.989526,N,07216.451804,W,1,06,1.2,159.9,M,-32.3,M,,*6B

2/12/2021 1:20:33 PM,C:\Users\ASD User\Documents\UVD_02122021\0212202100100.asd,GPGGA,175549.2,4348.989526,N,07216.451804,W,1,06,1.2,159.9,M,-32.3,M,,*65

2/12/2021 1:20:39 PM,C:\Users\ASD User\Documents\UVD_02122021\0212202100101.asd,GPGGA,175555.2,4348.989526,N,07216.451804,W,1,06,1.2,159.9,M,-32.3,M,,*68

2/12/2021 1:20:45 PM,C:\Users\ASD User\Documents\UVD_02122021\0212202100102.asd,GPGGA,175600.9,4348.989530,N,07216.451928,W,1,06,1.2,159.6,M,-32.3,M,,*67

2/12/2021 1:20:50 PM,C:\Users\ASD User\Documents\UVD_02122021\0212202100103.asd,GPGGA,175605.5,4348.989530,N,07216.451928,W,1,06,1.2,159.6,M,-32.3,M,,*6E

2/12/2021 1:21:00 PM,C:\Users\ASD User\Documents\UVD_02122021\0212202100104.asd,GPGGA,175616.2,4348.989530,N,07216.451928,W,1,06,1.2,159.6,M,-32.3,M,,*6B

2/12/2021 1:21:19 PM,C:\Users\ASD User\Documents\UVD_02122021\0212202100105.asd,GPGGA,175634.9,4348.989530,N,07216.451928,W,1,06,1.2,159.6,M,-32.3,M,,*60

2/12/2021 1:28:55 PM,C:\Users\ASD User\Documents\UVD_02122021\0212202100106.asd,GPGGA,180411.3,4348.989906,N,07216.452493,W,1,05,1.2,157.5,M,-32.3,M,,*6C

2/12/2021 1:29:18 PM,C:\Users\ASD User\Documents\UVD_02122021\0212202100107.asd,GPGGA,180434.2,4348.989906,N,07216.452493,W,1,05,1.2,157.5,M,-32.3,M,,*6A

2/12/2021 1:29:23 PM,C:\Users\ASD User\Documents\UVD_02122021\0212202100108.asd,GPGGA,180438.7,4348.989947,N,07216.452476,W,1,05,1.2,157.4,M,-32.3,M,,*6C

2/12/2021 1:29:28 PM,C:\Users\ASD User\Documents\UVD_02122021\0212202100109.asd,GPGGA,180443.3,4348.989947,N,07216.452476,W,1,05,1.2,157.4,M,-32.3,M,,*64

2/12/2021 1:29:32 PM,C:\Users\ASD User\Documents\UVD_02122021\0212202100110.asd,GPGGA,180448.1,4348.989947,N,07216.452476,W,1,05,1.2,157.4,M,-32.3,M,,*6D

2/12/2021 1:29:37 PM,C:\Users\ASD User\Documents\UVD_02122021\0212202100111.asd,GPGGA,180452.5,4348.989947,N,07216.452476,W,1,05,1.2,157.4,M,-32.3,M,,*62

2/12/2021 1:29:56 PM,C:\Users\ASD User\Documents\UVD_02122021\0212202100112.asd,GPGGA,180511.7,4348.989947,N,07216.452476,W,1,05,1.2,157.4,M,-32.3,M,,*66

2/12/2021 1:30:03 PM,C:\Users\ASD User\Documents\UVD_02122021\0212202100113.asd,GPGGA,180519.1,4348.989847,N,07216.452579,W,1,05,1.2,157.3,M,-32.3,M,,*60

2/12/2021 1:30:23 PM,C:\Users\ASD User\Documents\UVD_02122021\0212202100114.asd,GPGGA,180538.8,4348.989847,N,07216.452579,W,1,05,1.2,157.3,M,-32.3,M,,*6A

2/12/2021 1:30:28 PM,C:\Users\ASD User\Documents\UVD_02122021\0212202100115.asd,GPGGA,180543.4,4348.989847,N,07216.452579,W,1,05,1.2,157.3,M,-32.3,M,,*6A

2/12/2021 1:30:32 PM,C:\Users\ASD User\Documents\UVD_02122021\0212202100116.asd,GPGGA,180548.1,4348.989847,N,07216.452579,W,1,05,1.2,157.3,M,-32.3,M,,*64

2/12/2021 1:30:37 PM,C:\Users\ASD User\Documents\UVD_02122021\0212202100117.asd,GPGGA,180552.8,4348.989847,N,07216.452579,W,1,05,1.2,157.3,M,-32.3,M,,*66

2/12/2021 1:30:47 PM,C:\Users\ASD User\Documents\UVD_02122021\0212202100118.asd,GPGGA,180603.2,4348.989825,N,07216.452563,W,1,05,1.2,157.3,M,-32.3,M,,*64

2/12/2021 1:31:07 PM,C:\Users\ASD User\Documents\UVD_02122021\0212202100119.asd,GPGGA,180622.4,4348.989825,N,07216.452563,W,1,05,1.2,157.3,M,-32.3,M,,*61

2/12/2021 1:32:40 PM,C:\Users\ASD User\Documents\UVD_02122021\0212202100120.asd,GPGGA,180756.3,4348.989685,N,07216.452887,W,1,06,1.1,157.2,M,-32.3,M,,*66

2/12/2021 1:33:00 PM,C:\Users\ASD User\Documents\UVD_02122021\0212202100121.asd,GPGGA,180815.5,4348.989621,N,07216.452982,W,1,05,1.2,157.0,M,-32.3,M,,*60

2/12/2021 1:33:06 PM,C:\Users\ASD User\Documents\UVD_02122021\0212202100122.asd,GPGGA,180821.6,4348.989621,N,07216.452982,W,1,05,1.2,157.0,M,-32.3,M,,*64

2/12/2021 1:33:10 PM,C:\Users\ASD User\Documents\UVD_02122021\0212202100123.asd,GPGGA,180826.2,4348.989621,N,07216.452982,W,1,05,1.2,157.0,M,-32.3,M,,*67

2/12/2021 1:33:26 PM,C:\Users\ASD User\Documents\UVD_02122021\0212202100124.asd,GPGGA,180842.2,4348.989621,N,07216.452982,W,1,06,1.1,157.0,M,-32.3,M,,*65

2/12/2021 1:33:31 PM,C:\Users\ASD User\Documents\UVD_02122021\0212202100125.asd,GPGGA,180846.6,4348.989621,N,07216.452982,W,1,06,1.1,157.0,M,-32.3,M,,*65

2/12/2021 1:33:50 PM,C:\Users\ASD User\Documents\UVD_02122021\0212202100126.asd,GPGGA,180906.1,4348.989661,N,07216.453001,W,1,06,1.1,157.0,M,-32.3,M,,*60

2/12/2021 1:43:20 PM,C:\Users\ASD User\Documents\UVD_02122021\0212202100127.asd,GPGGA,181835.5,4348.989519,N,07216.453619,W,1,06,1.1,156.5,M,-32.3,M,,*63

2/12/2021 1:43:45 PM,C:\Users\ASD User\Documents\UVD_02122021\0212202100128.asd,GPGGA,181900.3,4348.989422,N,07216.453663,W,1,06,1.1,156.4,M,-32.3,M,,*67

2/12/2021 1:43:49 PM,C:\Users\ASD User\Documents\UVD_02122021\0212202100129.asd,GPGGA,181904.7,4348.989422,N,07216.453663,W,1,06,1.1,156.4,M,-32.3,M,,*67

2/12/2021 1:43:54 PM,C:\Users\ASD User\Documents\UVD_02122021\0212202100130.asd,GPGGA,181909.3,4348.989422,N,07216.453663,W,1,06,1.1,156.4,M,-32.3,M,,*6E

2/12/2021 1:43:58 PM,C:\Users\ASD User\Documents\UVD_02122021\0212202100131.asd,GPGGA,181914.0,4348.989422,N,07216.453663,W,1,05,1.2,156.4,M,-32.3,M,,*61

2/12/2021 1:44:03 PM,C:\Users\ASD User\Documents\UVD_02122021\0212202100132.asd,GPGGA,181918.4,4348.989422,N,07216.453663,W,1,05,1.2,156.4,M,-32.3,M,,*69

2/12/2021 1:44:18 PM,C:\Users\ASD User\Documents\UVD_02122021\0212202100133.asd,GPGGA,181934.2,4348.989330,N,07216.453777,W,1,06,1.1,156.5,M,-32.3,M,,*60

2/12/2021 1:50:29 PM,C:\Users\ASD User\Documents\UVD_02122021\0212202100134.asd,GPGGA,182545.0,4348.988969,N,07216.454289,W,1,08,1.0,157.2,M,-32.3,M,,*66

2/12/2021 1:50:46 PM,C:\Users\ASD User\Documents\UVD_02122021\0212202100135.asd,GPGGA,182601.9,4348.988969,N,07216.454289,W,1,07,1.0,157.2,M,-32.3,M,,*63

2/12/2021 1:50:51 PM,C:\Users\ASD User\Documents\UVD_02122021\0212202100136.asd,GPGGA,182606.5,4348.988969,N,07216.454289,W,1,07,1.0,157.2,M,-32.3,M,,*68

2/12/2021 1:50:59 PM,C:\Users\ASD User\Documents\UVD_02122021\0212202100137.asd,GPGGA,182614.3,4348.988956,N,07216.454342,W,1,07,1.0,157.2,M,-32.3,M,,*67

2/12/2021 1:51:05 PM,C:\Users\ASD User\Documents\UVD_02122021\0212202100138.asd,GPGGA,182620.3,4348.988956,N,07216.454342,W,1,05,1.2,157.2,M,-32.3,M,,*60

2/12/2021 1:51:09 PM,C:\Users\ASD User\Documents\UVD_02122021\0212202100139.asd,GPGGA,182625.1,4348.988956,N,07216.454342,W,1,05,1.2,157.2,M,-32.3,M,,*67

2/12/2021 1:51:25 PM,C:\Users\ASD User\Documents\UVD_02122021\0212202100140.asd,GPGGA,182640.7,4348.988956,N,07216.454342,W,1,04,1.2,157.2,M,-32.3,M,,*63

2/12/2021 1:51:29 PM,C:\Users\ASD User\Documents\UVD_02122021\0212202100141.asd,GPGGA,182644.3,4348.988956,N,07216.454342,W,1,04,1.2,157.2,M,-32.3,M,,*63

2/12/2021 1:51:43 PM,C:\Users\ASD User\Documents\UVD_02122021\0212202100142.asd,GPGGA,182659.0,4348.988906,N,07216.454359,W,1,04,1.2,157.5,M,-32.3,M,,*64

2/12/2021 1:51:48 PM,C:\Users\ASD User\Documents\UVD_02122021\0212202100143.asd,GPGGA,182703.6,4348.988906,N,07216.454359,W,1,04,1.2,157.5,M,-32.3,M,,*6C

2/12/2021 1:51:58 PM,C:\Users\ASD User\Documents\UVD_02122021\0212202100144.asd,GPGGA,182713.9,4348.988906,N,07216.454359,W,1,04,1.2,157.5,M,-32.3,M,,*62

2/12/2021 1:52:06 PM,C:\Users\ASD User\Documents\UVD_02122021\0212202100145.asd,GPGGA,182721.5,4348.988906,N,07216.454359,W,1,06,1.2,157.5,M,-32.3,M,,*6D

2/12/2021 1:52:11 PM,C:\Users\ASD User\Documents\UVD_02122021\0212202100146.asd,GPGGA,182726.2,4348.988906,N,07216.454359,W,1,06,1.2,157.5,M,-32.3,M,,*6D

2/12/2021 1:52:27 PM,C:\Users\ASD User\Documents\UVD_02122021\0212202100147.asd,GPGGA,182743.0,4348.988874,N,07216.454471,W,1,06,1.2,157.6,M,-32.3,M,,*66

2/12/2021 1:52:42 PM,C:\Users\ASD User\Documents\UVD_02122021\0212202100148.asd,GPGGA,182758.1,4348.988874,N,07216.454471,W,1,07,1.0,157.6,M,-32.3,M,,*6E

2/12/2021 1:56:02 PM,C:\Users\ASD User\Documents\UVD_02122021\0212202100149.asd,GPGGA,183118.1,4348.988711,N,07216.454616,W,1,07,1.0,157.9,M,-32.3,M,,*6D

2/12/2021 1:56:06 PM,C:\Users\ASD User\Documents\UVD_02122021\0212202100150.asd,GPGGA,183121.3,4348.988711,N,07216.454616,W,1,05,1.2,157.9,M,-32.3,M,,*65

2/12/2021 1:56:13 PM,C:\Users\ASD User\Documents\UVD_02122021\0212202100151.asd,GPGGA,183128.9,4348.988711,N,07216.454616,W,1,05,1.2,157.9,M,-32.3,M,,*66

2/12/2021 1:56:20 PM,C:\Users\ASD User\Documents\UVD_02122021\0212202100152.asd,GPGGA,183135.2,4348.988611,N,07216.454627,W,1,05,1.2,158.0,M,-32.3,M,,*64

2/12/2021 1:56:25 PM,C:\Users\ASD User\Documents\UVD_02122021\0212202100153.asd,GPGGA,183141.3,4348.988611,N,07216.454627,W,1,05,1.2,158.0,M,-32.3,M,,*66

2/12/2021 1:56:41 PM,C:\Users\ASD User\Documents\UVD_02122021\0212202100154.asd,GPGGA,183156.5,4348.988611,N,07216.454627,W,1,06,1.2,158.0,M,-32.3,M,,*65

